<?xml version="1.0" encoding="UTF-8"?>
<testng-results ignored="0" total="1" passed="1" failed="0" skipped="0">
  <reporter-output>
  </reporter-output>
  <suite started-at="2025-07-02T20:54:04 IST" name="Default suite" finished-at="2025-07-02T20:54:14 IST" duration-ms="10338">
    <groups>
    </groups>
    <test started-at="2025-07-02T20:54:04 IST" name="Default test" finished-at="2025-07-02T20:54:14 IST" duration-ms="10338">
      <class name="Execution.TestExecution">
        <test-method is-config="true" signature="launch()[pri:0, instance:Execution.TestExecution@3527942a]" started-at="2025-07-02T20:54:04 IST" name="launch" finished-at="2025-07-02T20:54:12 IST" duration-ms="8437" status="PASS">
          <reporter-output>
          </reporter-output>
        </test-method> <!-- launch -->
        <test-method signature="test1()[pri:0, instance:Execution.TestExecution@3527942a]" started-at="2025-07-02T20:54:12 IST" name="test1" finished-at="2025-07-02T20:54:14 IST" duration-ms="1845" status="PASS">
          <reporter-output>
          </reporter-output>
        </test-method> <!-- test1 -->
      </class> <!-- Execution.TestExecution -->
    </test> <!-- Default test -->
  </suite> <!-- Default suite -->
</testng-results>
