<?xml version="1.0" encoding="UTF-8"?>
<!-- Generated by org.testng.reporters.JUnitReportReporter -->
<testsuite hostname="Gagan" failures="0" tests="3" name="Execution.ListHandling" time="24.871" errors="0" timestamp="2025-03-21T21:46:31 IST" skipped="1">
  <testcase classname="Execution.ListHandling" name="scrolling" time="12.351"/>
  <system-out/>
  <testcase classname="Execution.ListHandling" name="scrolling" time="12.520"/>
  <system-out/>
  <testcase classname="Execution.ListHandling" name="getListOfElements">
    <skipped/>
  </testcase> <!-- getListOfElements -->
  <system-out/>
</testsuite> <!-- Execution.ListHandling -->
