<?xml version="1.0" encoding="UTF-8"?>
<!-- Generated by org.testng.reporters.JUnitReportReporter -->
<testsuite hostname="Gagan" failures="0" tests="2" name="Execution.DragAndDrop" time="21.015" errors="0" timestamp="2025-03-15T01:04:32 IST" skipped="1">
  <testcase classname="Execution.DragAndDrop" name="scroll" time="21.015"/>
  <system-out/>
  <testcase classname="Execution.DragAndDrop" name="dragdrop">
    <skipped/>
  </testcase> <!-- dragdrop -->
  <system-out/>
</testsuite> <!-- Execution.DragAndDrop -->
